18:47:00,199 INFO     [eeg_processing.py:84] Starting processing participant: participant01, located on: ./data/Reading Cao Acq 2023_02_24_1803 Data.edf
18:47:00,763 INFO     [eeg_preprocessing.py:51] Raw Loaded:./data/Reading Cao Acq 2023_02_24_1803 Data.edf
18:47:00,929 INFO     [eeg_preprocessing.py:61] Montage Loaded:./data/64_ch_montage.loc
18:47:05,664 INFO     [eeg_preprocessing.py:68] Raw figures visualized
18:47:05,898 INFO     [eeg_preprocessing.py:92] Channels dropped: participant01
18:47:06,812 INFO     [eeg_preprocessing.py:97] Time cropped: participant01
18:47:09,288 INFO     [eeg_preprocessing.py:102] Frequency filtered: participant01
18:47:14,015 INFO     [eeg_preprocessing.py:107] Data resampled: participant01
18:47:14,812 INFO     [eeg_preprocessing.py:112] Raw referenced: participant01
18:47:14,840 INFO     [eeg_preprocessing.py:245] --Preprocessing completed: participant01
18:49:22,844 INFO     [eeg_preprocessing.py:249] --ICA completed: participant01
18:49:23,092 INFO     [eeg_preprocessing.py:254] --ICA fif files saved: participant01
18:49:23,393 INFO     [eeg_preprocessing.py:267] Reset annotations completed: participant01
18:49:23,580 ERROR    [eeg_time_frequency.py:213] Failed to get epoches from file path: Channel(s) HEO, Trigger, CZ, CB1, CB2 not found, nothing dropped.
18:49:23,587 ERROR    [eeg_time_frequency.py:224] Failed to get power values: local variable 'epochs' referenced before assignment
18:49:23,587 ERROR    [eeg_time_frequency.py:239] Failed to ERP processing: local variable 'epochs' referenced before assignment
18:49:23,595 INFO     [eeg_processing.py:110] Ending processing participant: participant01
18:49:23,595 INFO     [eeg_processing.py:84] Starting processing participant: Cao_01, located on: ./data/Reading Cao Acq 2023_02_24_1803 Data.edf
18:49:24,190 INFO     [eeg_preprocessing.py:51] Raw Loaded:./data/Reading Cao Acq 2023_02_24_1803 Data.edf
18:49:24,363 INFO     [eeg_preprocessing.py:61] Montage Loaded:./data/64_ch_montage.loc
18:49:27,719 INFO     [eeg_preprocessing.py:68] Raw figures visualized
18:49:27,955 INFO     [eeg_preprocessing.py:92] Channels dropped: Cao_01
18:49:28,819 INFO     [eeg_preprocessing.py:97] Time cropped: Cao_01
18:49:31,466 INFO     [eeg_preprocessing.py:102] Frequency filtered: Cao_01
18:49:37,225 INFO     [eeg_preprocessing.py:107] Data resampled: Cao_01
18:49:37,980 INFO     [eeg_preprocessing.py:112] Raw referenced: Cao_01
18:49:37,998 INFO     [eeg_preprocessing.py:245] --Preprocessing completed: Cao_01
18:50:57,277 INFO     [eeg_processing.py:84] Starting processing participant: participant01, located on: ./data/Reading Cao Acq 2023_02_24_1803 Data.edf
18:50:57,852 INFO     [eeg_preprocessing.py:51] Raw Loaded:./data/Reading Cao Acq 2023_02_24_1803 Data.edf
18:50:57,998 INFO     [eeg_preprocessing.py:61] Montage Loaded:./data/64_ch_montage.loc
18:51:06,510 INFO     [eeg_processing.py:84] Starting processing participant: participant01, located on: ./data/Reading Cao Acq 2023_02_24_1803 Data.edf
18:51:07,126 INFO     [eeg_preprocessing.py:51] Raw Loaded:./data/Reading Cao Acq 2023_02_24_1803 Data.edf
18:51:07,270 INFO     [eeg_preprocessing.py:61] Montage Loaded:./data/64_ch_montage.loc
18:51:12,371 INFO     [eeg_preprocessing.py:68] Raw figures visualized
18:51:12,577 INFO     [eeg_preprocessing.py:92] Channels dropped: participant01
18:51:13,484 INFO     [eeg_preprocessing.py:97] Time cropped: participant01
18:51:16,113 INFO     [eeg_preprocessing.py:102] Frequency filtered: participant01
18:51:21,484 INFO     [eeg_preprocessing.py:107] Data resampled: participant01
18:51:22,273 INFO     [eeg_preprocessing.py:112] Raw referenced: participant01
18:51:22,291 INFO     [eeg_preprocessing.py:245] --Preprocessing completed: participant01
18:53:27,485 INFO     [eeg_preprocessing.py:249] --ICA completed: participant01
18:53:27,731 INFO     [eeg_preprocessing.py:254] --ICA fif files saved: participant01
18:53:28,002 INFO     [eeg_preprocessing.py:267] Reset annotations completed: participant01
18:53:40,252 INFO     [eeg_time_frequency.py:221] Power generated on:./preprocessedFiles/participant01-tfr.csv
18:53:40,253 INFO     [eeg_time_frequency.py:222] Time frequency (power) processsing completed: participant01
18:53:45,269 INFO     [eeg_time_frequency.py:232] Engaged Power generated on:./preprocessedFiles/participant01_engaged_-tfr.csv
18:53:49,968 INFO     [eeg_time_frequency.py:237] Engaged Power generated on:./preprocessedFiles/participant01_disengaged_-tfr.csv
18:53:50,802 INFO     [eeg_processing.py:110] Ending processing participant: participant01
18:53:50,802 INFO     [eeg_processing.py:84] Starting processing participant: Cao_01, located on: ./data/Reading Cao Acq 2023_02_24_1803 Data.edf
18:53:51,396 INFO     [eeg_preprocessing.py:51] Raw Loaded:./data/Reading Cao Acq 2023_02_24_1803 Data.edf
18:53:51,536 INFO     [eeg_preprocessing.py:61] Montage Loaded:./data/64_ch_montage.loc
18:53:54,918 INFO     [eeg_preprocessing.py:68] Raw figures visualized
18:53:55,278 INFO     [eeg_preprocessing.py:92] Channels dropped: Cao_01
18:53:56,186 INFO     [eeg_preprocessing.py:97] Time cropped: Cao_01
18:53:58,943 INFO     [eeg_preprocessing.py:102] Frequency filtered: Cao_01
18:54:03,753 INFO     [eeg_preprocessing.py:107] Data resampled: Cao_01
18:54:04,500 INFO     [eeg_preprocessing.py:112] Raw referenced: Cao_01
18:54:04,520 INFO     [eeg_preprocessing.py:245] --Preprocessing completed: Cao_01
18:56:10,011 INFO     [eeg_preprocessing.py:249] --ICA completed: Cao_01
18:56:10,265 INFO     [eeg_preprocessing.py:254] --ICA fif files saved: Cao_01
18:56:10,543 INFO     [eeg_preprocessing.py:267] Reset annotations completed: Cao_01
18:56:25,489 INFO     [eeg_time_frequency.py:221] Power generated on:./preprocessedFiles/Cao_01-tfr.csv
18:56:25,489 INFO     [eeg_time_frequency.py:222] Time frequency (power) processsing completed: Cao_01
18:56:29,989 INFO     [eeg_time_frequency.py:232] Engaged Power generated on:./preprocessedFiles/Cao_01_engaged_-tfr.csv
18:56:33,884 INFO     [eeg_time_frequency.py:237] Engaged Power generated on:./preprocessedFiles/Cao_01_disengaged_-tfr.csv
18:56:34,618 INFO     [eeg_processing.py:110] Ending processing participant: Cao_01
18:56:34,618 INFO     [eeg_processing.py:84] Starting processing participant: participant03, located on: ./data/Reading Cao Acq 2023_02_24_1803 Data.edf
18:56:35,605 INFO     [eeg_preprocessing.py:51] Raw Loaded:./data/Reading Cao Acq 2023_02_24_1803 Data.edf
18:56:35,765 INFO     [eeg_preprocessing.py:61] Montage Loaded:./data/64_ch_montage.loc
18:56:39,138 INFO     [eeg_preprocessing.py:68] Raw figures visualized
18:56:39,400 INFO     [eeg_preprocessing.py:92] Channels dropped: participant03
18:56:40,374 INFO     [eeg_preprocessing.py:97] Time cropped: participant03
18:56:43,432 INFO     [eeg_preprocessing.py:102] Frequency filtered: participant03
18:56:48,379 INFO     [eeg_preprocessing.py:107] Data resampled: participant03
18:56:49,150 INFO     [eeg_preprocessing.py:112] Raw referenced: participant03
18:56:49,172 INFO     [eeg_preprocessing.py:245] --Preprocessing completed: participant03
18:58:54,520 INFO     [eeg_preprocessing.py:249] --ICA completed: participant03
18:58:54,758 INFO     [eeg_preprocessing.py:254] --ICA fif files saved: participant03
18:58:55,032 INFO     [eeg_preprocessing.py:267] Reset annotations completed: participant03
18:59:07,060 INFO     [eeg_time_frequency.py:221] Power generated on:./preprocessedFiles/participant03-tfr.csv
18:59:07,060 INFO     [eeg_time_frequency.py:222] Time frequency (power) processsing completed: participant03
18:59:11,072 INFO     [eeg_time_frequency.py:232] Engaged Power generated on:./preprocessedFiles/participant03_engaged_-tfr.csv
18:59:14,707 INFO     [eeg_time_frequency.py:237] Engaged Power generated on:./preprocessedFiles/participant03_disengaged_-tfr.csv
18:59:15,425 INFO     [eeg_processing.py:110] Ending processing participant: participant03
